{
  "stats": {
    "suites": 1,
    "tests": 2,
    "passes": 2,
    "pending": 0,
    "failures": 0,
    "start": "2025-04-15T22:07:57.666Z",
    "end": "2025-04-15T22:07:57.672Z",
    "duration": 6,
    "testsRegistered": 2,
    "passPercent": 100,
    "pendingPercent": 0,
    "other": 0,
    "hasOther": false,
    "skipped": 0,
    "hasSkipped": false
  },
  "results": [
    {
      "uuid": "9fed828d-91cd-4260-88d8-c2ceb8dba488",
      "title": "",
      "fullFile": "/Users/y.shumitska/Documents/r_d_automation_course/homework_10/mocha/tests/mocha-unit-test.spec.ts",
      "file": "/tests/mocha-unit-test.spec.ts",
      "beforeHooks": [],
      "afterHooks": [],
      "tests": [],
      "suites": [
        {
          "uuid": "1b1aeac0-78ee-4518-a4c3-357eb44217ff",
          "title": "Checking the function that checks the estimation accuracy of the task",
          "fullFile": "/Users/y.shumitska/Documents/r_d_automation_course/homework_10/mocha/tests/mocha-unit-test.spec.ts",
          "file": "/tests/mocha-unit-test.spec.ts",
          "beforeHooks": [],
          "afterHooks": [],
          "tests": [
            {
              "title": "The difference between timeEstimated and timeSpent must be 1 - accurate",
              "fullTitle": "Checking the function that checks the estimation accuracy of the task The difference between timeEstimated and timeSpent must be 1 - accurate",
              "timedOut": false,
              "duration": 0,
              "state": "passed",
              "speed": "fast",
              "pass": true,
              "fail": false,
              "pending": false,
              "context": null,
              "code": "const obj=new import_task.Task(\"Linda\",\"Adam\",\"done\",9,8);(0,import_chai.expect)(obj.checkEstimationAccuracy()).to.be.equal(1)",
              "err": {},
              "uuid": "3a3845bd-5e13-40fd-9b7a-7a2b126f9127",
              "parentUUID": "1b1aeac0-78ee-4518-a4c3-357eb44217ff",
              "isHook": false,
              "skipped": false
            },
            {
              "title": "The difference between timeEstimated and timeSpent must be 2 - inaccurate",
              "fullTitle": "Checking the function that checks the estimation accuracy of the task The difference between timeEstimated and timeSpent must be 2 - inaccurate",
              "timedOut": false,
              "duration": 0,
              "state": "passed",
              "speed": "fast",
              "pass": true,
              "fail": false,
              "pending": false,
              "context": null,
              "code": "const obj=new import_task.Task(\"Erica\",\"Peter\",\"done\",10,8);(0,import_chai.expect)(obj.checkEstimationAccuracy()).to.be.equal(2)",
              "err": {},
              "uuid": "28addd19-d892-4892-bad1-f77146719b68",
              "parentUUID": "1b1aeac0-78ee-4518-a4c3-357eb44217ff",
              "isHook": false,
              "skipped": false
            }
          ],
          "suites": [],
          "passes": [
            "3a3845bd-5e13-40fd-9b7a-7a2b126f9127",
            "28addd19-d892-4892-bad1-f77146719b68"
          ],
          "failures": [],
          "pending": [],
          "skipped": [],
          "duration": 0,
          "root": false,
          "rootEmpty": false,
          "_timeout": 2000
        }
      ],
      "passes": [],
      "failures": [],
      "pending": [],
      "skipped": [],
      "duration": 0,
      "root": true,
      "rootEmpty": true,
      "_timeout": 2000
    }
  ],
  "meta": {
    "mocha": {
      "version": "11.1.0"
    },
    "mochawesome": {
      "options": {
        "quiet": false,
        "reportFilename": "mochawesome",
        "saveHtml": true,
        "saveJson": true,
        "consoleReporter": "spec",
        "useInlineDiffs": false,
        "code": true
      },
      "version": "7.1.3"
    },
    "marge": {
      "options": {
        "[object Object]": true
      },
      "version": "6.2.0"
    }
  }
}